[2026-02-19T23:20:43.221Z] Requested ranking for Event ID: 69947ec5fdaa87c479375d75
[2026-02-19T23:20:43.786Z] Successfully fetched Internship: Flutter Developer Intern with 4 applications
[2026-02-20T04:36:06.256Z] Requested ranking for Event ID: 699587272fea9229e6f18563
[2026-02-20T04:36:07.271Z] Event not found in any collection for ID: 699587272fea9229e6f18563
[2026-02-20T04:36:07.276Z] Requested ranking for Event ID: 699587272fea9229e6f18563
[2026-02-20T04:36:08.175Z] Event not found in any collection for ID: 699587272fea9229e6f18563
[2026-02-20T04:36:13.537Z] Requested ranking for Event ID: 69947ec5fdaa87c479375d75
[2026-02-20T04:36:14.026Z] Successfully fetched Internship: Flutter Developer Intern with 4 applications
[2026-02-20T04:36:14.192Z] Requested ranking for Event ID: 69947ec5fdaa87c479375d75
[2026-02-20T04:36:14.692Z] Successfully fetched Internship: Flutter Developer Intern with 4 applications
[2026-02-20T04:36:53.699Z] Requested ranking for Event ID: 699587272fea9229e6f18563
[2026-02-20T04:36:54.396Z] Event not found in any collection for ID: 699587272fea9229e6f18563
[2026-02-20T04:36:54.400Z] Requested ranking for Event ID: 699587272fea9229e6f18563
[2026-02-20T04:36:55.060Z] Event not found in any collection for ID: 699587272fea9229e6f18563
[2026-02-20T04:37:03.033Z] Requested ranking for Event ID: 69939976d3b03d1a859bd267
[2026-02-20T04:37:03.563Z] Successfully fetched Job: Flutter Developer with 4 applications
[2026-02-20T04:37:03.632Z] Requested ranking for Event ID: 69939976d3b03d1a859bd267
[2026-02-20T04:37:03.996Z] Successfully fetched Job: Flutter Developer with 4 applications
[2026-02-20T04:37:16.917Z] Requested ranking for Event ID: 69939600d3b03d1a859bd193
[2026-02-20T04:37:17.666Z] Event not found in any collection for ID: 69939600d3b03d1a859bd193
[2026-02-20T04:37:17.669Z] Requested ranking for Event ID: 69939600d3b03d1a859bd193
[2026-02-20T04:37:18.377Z] Event not found in any collection for ID: 69939600d3b03d1a859bd193
[2026-02-20T04:37:34.921Z] Requested ranking for Event ID: 69904567e72c4d0062ec2db3
[2026-02-20T04:37:35.221Z] Successfully fetched Job: Assistent Manager with 4 applications
[2026-02-20T04:37:35.285Z] Requested ranking for Event ID: 69904567e72c4d0062ec2db3
[2026-02-20T04:37:35.539Z] Successfully fetched Job: Assistent Manager with 4 applications
[2026-02-20T05:08:38.604Z] Requested ranking for Event ID: 69947ec5fdaa87c479375d75
[2026-02-20T05:08:39.397Z] Successfully fetched Internship: Flutter Developer Intern with 4 applications
[2026-02-20T05:08:39.512Z] Requested ranking for Event ID: 69947ec5fdaa87c479375d75
[2026-02-20T05:08:40.355Z] Successfully fetched Internship: Flutter Developer Intern with 4 applications
[2026-02-20T05:42:37.207Z] Requested ranking for Event ID: 6995ae2d2fea9229e6f1887a
[2026-02-20T05:42:37.657Z] Successfully fetched Job: Associate Software Engineer with 1 applications
[2026-02-20T05:42:37.723Z] Requested ranking for Event ID: 6995ae2d2fea9229e6f1887a
[2026-02-20T05:42:38.440Z] Successfully fetched Job: Associate Software Engineer with 1 applications
[2026-02-20T05:42:44.556Z] Requested ranking for Event ID: 69961e83d585878ba9ffd2c2
[2026-02-20T05:42:45.337Z] Successfully fetched Internship: Software Development Intern with 3 applications
[2026-02-20T05:42:45.405Z] Requested ranking for Event ID: 69961e83d585878ba9ffd2c2
[2026-02-20T05:42:46.539Z] Successfully fetched Internship: Software Development Intern with 3 applications
[2026-02-20T05:43:24.093Z] Requested ranking for Event ID: 69961e83d585878ba9ffd2c2
[2026-02-20T05:43:24.479Z] Successfully fetched Internship: Software Development Intern with 3 applications
[2026-02-20T05:43:24.547Z] Requested ranking for Event ID: 69961e83d585878ba9ffd2c2
[2026-02-20T05:43:24.918Z] Successfully fetched Internship: Software Development Intern with 3 applications
[2026-02-20T21:47:52.318Z] Requested ranking for Event ID: 69947ec5fdaa87c479375d75
[2026-02-20T21:47:52.716Z] Successfully fetched Internship: Flutter Developer Intern with 4 applications
[2026-02-20T21:47:52.919Z] Requested ranking for Event ID: 69947ec5fdaa87c479375d75
[2026-02-20T21:47:53.427Z] Successfully fetched Internship: Flutter Developer Intern with 4 applications
[2026-02-20T21:48:33.739Z] Requested ranking for Event ID: 69947ec5fdaa87c479375d75
[2026-02-20T21:48:34.179Z] Successfully fetched Internship: Flutter Developer Intern with 4 applications
[2026-02-20T21:48:34.261Z] Requested ranking for Event ID: 69947ec5fdaa87c479375d75
[2026-02-20T21:48:34.676Z] Successfully fetched Internship: Flutter Developer Intern with 4 applications
[2026-02-20T22:09:38.669Z] Requested ranking for Event ID: 69947ec5fdaa87c479375d75
[2026-02-20T22:09:39.111Z] Successfully fetched Internship: Flutter Developer Intern with 4 applications
[2026-02-20T22:09:39.294Z] Requested ranking for Event ID: 69947ec5fdaa87c479375d75
[2026-02-20T22:09:39.673Z] Successfully fetched Internship: Flutter Developer Intern with 4 applications
[2026-02-20T22:10:26.285Z] Requested ranking for Event ID: 69947ec5fdaa87c479375d75
[2026-02-20T22:10:26.665Z] Successfully fetched Internship: Flutter Developer Intern with 4 applications
[2026-02-20T22:10:26.744Z] Requested ranking for Event ID: 69947ec5fdaa87c479375d75
[2026-02-20T22:10:27.119Z] Successfully fetched Internship: Flutter Developer Intern with 4 applications
[2026-02-20T22:10:32.047Z] Requested ranking for Event ID: 69947ec5fdaa87c479375d75
[2026-02-20T22:10:32.413Z] Successfully fetched Internship: Flutter Developer Intern with 4 applications
[2026-02-20T22:10:32.490Z] Requested ranking for Event ID: 69947ec5fdaa87c479375d75
[2026-02-20T22:10:32.878Z] Successfully fetched Internship: Flutter Developer Intern with 4 applications
[2026-02-20T22:10:32.929Z] Requested ranking for Event ID: 69947ec5fdaa87c479375d75
[2026-02-20T22:10:33.349Z] Successfully fetched Internship: Flutter Developer Intern with 4 applications
[2026-02-20T22:10:33.418Z] Requested ranking for Event ID: 69947ec5fdaa87c479375d75
[2026-02-20T22:10:33.869Z] Successfully fetched Internship: Flutter Developer Intern with 4 applications
[2026-02-20T22:10:46.173Z] Requested ranking for Event ID: 69947ec5fdaa87c479375d75
[2026-02-20T22:10:46.573Z] Successfully fetched Internship: Flutter Developer Intern with 4 applications
[2026-02-20T22:10:46.655Z] Requested ranking for Event ID: 69947ec5fdaa87c479375d75
[2026-02-20T22:10:47.030Z] Successfully fetched Internship: Flutter Developer Intern with 4 applications
[2026-02-21T05:37:10.907Z] Requested ranking for Event ID: 69947ec5fdaa87c479375d75
[2026-02-21T05:37:11.322Z] Successfully fetched Internship: Flutter Developer Intern with 4 applications
[2026-02-21T05:55:45.986Z] Requested ranking for Event ID: 69947ec5fdaa87c479375d75
[2026-02-21T05:55:47.042Z] Successfully fetched Internship: Flutter Developer Intern with 4 applications
[2026-02-21T07:26:14.090Z] Requested ranking for Event ID: 69947ec5fdaa87c479375d75
[2026-02-21T07:26:15.083Z] Successfully fetched Internship: Flutter Developer Intern with 4 applications
[2026-02-21T09:38:44.197Z] Requested ranking for Event ID: 69947ec5fdaa87c479375d75
[2026-02-21T09:39:04.204Z] Requested ranking for Event ID: 69947ec5fdaa87c479375d75
[2026-02-21T09:39:24.646Z] Successfully fetched Internship: Flutter Developer Intern with 5 applications
[2026-02-21T09:39:38.899Z] Requested ranking for Event ID: 69947ec5fdaa87c479375d75
[2026-02-21T09:39:56.928Z] Requested ranking for Event ID: 69947ec5fdaa87c479375d75
[2026-02-21T09:40:42.945Z] Successfully fetched Internship: Flutter Developer Intern with 5 applications
[2026-02-21T09:40:59.059Z] Successfully fetched Internship: Flutter Developer Intern with 5 applications
[2026-02-21T09:41:27.638Z] Successfully fetched Internship: Flutter Developer Intern with 5 applications
[2026-03-01T07:28:44.785Z] Requested ranking for Event ID: 69947ec5fdaa87c479375d75
[2026-03-01T07:28:45.276Z] Successfully fetched Internship: Flutter Developer Intern with 5 applications
[2026-03-01T07:28:45.533Z] Requested ranking for Event ID: 69947ec5fdaa87c479375d75
[2026-03-01T07:28:46.059Z] Successfully fetched Internship: Flutter Developer Intern with 5 applications
[2026-03-09T06:51:46.144Z] Requested ranking for Event ID: 69947ec5fdaa87c479375d75
[2026-03-09T06:51:46.481Z] Successfully fetched Internship: Flutter Developer Intern with 5 applications
[2026-03-09T06:51:46.658Z] Requested ranking for Event ID: 69947ec5fdaa87c479375d75
[2026-03-09T06:51:47.056Z] Successfully fetched Internship: Flutter Developer Intern with 5 applications
[2026-05-02T13:59:42.380Z] Requested ranking for Event ID: 69947ec5fdaa87c479375d75
[2026-05-02T13:59:43.000Z] Successfully fetched Internship: Flutter Developer Intern with 5 applications
[2026-05-02T13:59:43.202Z] Requested ranking for Event ID: 69947ec5fdaa87c479375d75
[2026-05-02T13:59:43.589Z] Successfully fetched Internship: Flutter Developer Intern with 5 applications
[2026-05-02T15:47:48.643Z] Requested ranking for Event ID: 69f61a12476e9b6483abc280
[2026-05-02T15:47:49.010Z] Successfully fetched Job: wipro with 0 applications
[2026-05-02T15:47:49.014Z] Requested ranking for Event ID: 69f61a12476e9b6483abc280
[2026-05-02T15:47:49.254Z] Successfully fetched Job: wipro with 0 applications
[2026-05-02T19:14:34.095Z] Requested ranking for Event ID: 69947ec5fdaa87c479375d75
[2026-05-02T19:14:34.719Z] Successfully fetched Internship: Flutter Developer Intern with 5 applications
[2026-05-02T19:14:34.925Z] Requested ranking for Event ID: 69947ec5fdaa87c479375d75
[2026-05-02T19:14:35.588Z] Successfully fetched Internship: Flutter Developer Intern with 5 applications
[2026-05-02T21:08:20.124Z] Requested ranking for Event ID: 69f61a12476e9b6483abc280
[2026-05-02T21:08:20.464Z] Successfully fetched Job: Assistant Manager with 1 applications
[2026-05-02T21:08:20.638Z] Requested ranking for Event ID: 69f61a12476e9b6483abc280
[2026-05-02T21:08:21.036Z] Successfully fetched Job: Assistant Manager with 1 applications
[2026-05-02T21:08:47.773Z] Requested ranking for Event ID: 69f61a12476e9b6483abc280
[2026-05-02T21:08:48.300Z] Successfully fetched Job: Assistant Manager with 1 applications
[2026-05-02T21:08:48.340Z] Requested ranking for Event ID: 69f61a12476e9b6483abc280
[2026-05-02T21:08:48.874Z] Successfully fetched Job: Assistant Manager with 1 applications
[2026-05-02T21:09:46.010Z] Requested ranking for Event ID: 69f61a12476e9b6483abc280
[2026-05-02T21:09:46.569Z] Successfully fetched Job: Assistant Manager with 1 applications
[2026-05-02T21:09:46.699Z] Requested ranking for Event ID: 69f61a12476e9b6483abc280
[2026-05-02T21:09:47.199Z] Successfully fetched Job: Assistant Manager with 1 applications
[2026-05-02T21:09:55.337Z] Requested ranking for Event ID: 69947ec5fdaa87c479375d75
[2026-05-02T21:09:55.935Z] Successfully fetched Internship: Flutter Developer Intern with 5 applications
[2026-05-02T21:09:56.011Z] Requested ranking for Event ID: 69947ec5fdaa87c479375d75
[2026-05-02T21:09:56.983Z] Successfully fetched Internship: Flutter Developer Intern with 5 applications
[2026-05-02T21:16:17.211Z] Requested ranking for Event ID: 69947ec5fdaa87c479375d75
[2026-05-02T21:16:17.876Z] Successfully fetched Internship: Flutter Developer Intern with 5 applications
[2026-05-02T21:16:18.044Z] Requested ranking for Event ID: 69947ec5fdaa87c479375d75
[2026-05-02T21:16:19.071Z] Successfully fetched Internship: Flutter Developer Intern with 5 applications
[2026-05-02T21:16:56.708Z] Requested ranking for Event ID: 69f61a12476e9b6483abc280
[2026-05-02T21:16:57.343Z] Successfully fetched Job: Assistant Manager with 1 applications
[2026-05-02T21:16:57.391Z] Requested ranking for Event ID: 69f61a12476e9b6483abc280
[2026-05-02T21:16:57.697Z] Successfully fetched Job: Assistant Manager with 1 applications
[2026-05-02T21:19:08.304Z] Requested ranking for Event ID: 69f61a12476e9b6483abc280
[2026-05-02T21:19:09.023Z] Successfully fetched Job: Assistant Manager with 1 applications
[2026-05-02T21:19:09.156Z] Requested ranking for Event ID: 69f61a12476e9b6483abc280
[2026-05-02T21:19:09.660Z] Successfully fetched Job: Assistant Manager with 1 applications
[2026-05-02T21:46:38.750Z] Requested ranking for Event ID: 69947ec5fdaa87c479375d75
[2026-05-02T21:46:39.722Z] Successfully fetched Internship: Flutter Developer Intern with 5 applications
[2026-05-02T21:46:40.292Z] Requested ranking for Event ID: 69947ec5fdaa87c479375d75
[2026-05-02T21:46:40.920Z] Successfully fetched Internship: Flutter Developer Intern with 5 applications
[2026-05-02T21:46:50.527Z] Requested ranking for Event ID: 69947ec5fdaa87c479375d75
[2026-05-02T21:46:51.159Z] Successfully fetched Internship: Flutter Developer Intern with 5 applications
[2026-05-02T21:46:51.233Z] Requested ranking for Event ID: 69947ec5fdaa87c479375d75
[2026-05-02T21:46:51.899Z] Successfully fetched Internship: Flutter Developer Intern with 5 applications
[2026-05-02T21:47:18.363Z] Requested ranking for Event ID: 69939976d3b03d1a859bd267
[2026-05-02T21:47:18.743Z] Successfully fetched Job: Flutter Developer with 7 applications
[2026-05-02T21:47:18.837Z] Requested ranking for Event ID: 69939976d3b03d1a859bd267
[2026-05-02T21:47:19.656Z] Successfully fetched Job: Flutter Developer with 7 applications
[2026-05-02T22:43:14.583Z] Requested ranking for Event ID: 69939976d3b03d1a859bd267
[2026-05-02T22:43:15.077Z] Successfully fetched Job: Flutter Developer with 7 applications
[2026-05-02T22:43:15.289Z] Requested ranking for Event ID: 69939976d3b03d1a859bd267
[2026-05-02T22:43:15.717Z] Successfully fetched Job: Flutter Developer with 7 applications
[2026-05-02T22:48:42.870Z] Requested ranking for Event ID: 69f61a12476e9b6483abc280
[2026-05-02T22:48:43.704Z] Successfully fetched Job: Assistant Manager with 1 applications
[2026-05-02T22:48:43.781Z] Requested ranking for Event ID: 69f61a12476e9b6483abc280
[2026-05-02T22:48:44.730Z] Successfully fetched Job: Assistant Manager with 1 applications
[2026-05-02T22:48:54.068Z] Requested ranking for Event ID: 69939976d3b03d1a859bd267
[2026-05-02T22:48:54.759Z] Successfully fetched Job: Flutter Developer with 7 applications
[2026-05-02T22:48:54.846Z] Requested ranking for Event ID: 69939976d3b03d1a859bd267
[2026-05-02T22:48:55.579Z] Successfully fetched Job: Flutter Developer with 7 applications
[2026-05-02T22:53:23.903Z] Requested ranking for Event ID: 69f61867476e9b6483abc1a4
[2026-05-02T22:53:25.943Z] Event not found in any collection for ID: 69f61867476e9b6483abc1a4
[2026-05-02T22:53:25.950Z] Requested ranking for Event ID: 69f61867476e9b6483abc1a4
[2026-05-02T22:53:27.848Z] Event not found in any collection for ID: 69f61867476e9b6483abc1a4
[2026-05-02T23:06:27.220Z] Requested ranking for Event ID: 69939976d3b03d1a859bd267
[2026-05-02T23:06:27.730Z] Successfully fetched Job: Flutter Developer with 7 applications
[2026-05-02T23:06:27.906Z] Requested ranking for Event ID: 69939976d3b03d1a859bd267
[2026-05-02T23:06:28.219Z] Successfully fetched Job: Flutter Developer with 7 applications
[2026-05-03T20:27:23.897Z] Requested ranking for Event ID: 69939976d3b03d1a859bd267
[2026-05-03T20:27:24.702Z] Successfully fetched Job: Flutter Developer with 7 applications
[2026-05-03T20:27:25.017Z] Requested ranking for Event ID: 69939976d3b03d1a859bd267
[2026-05-03T20:27:25.975Z] Successfully fetched Job: Flutter Developer with 7 applications
[2026-05-04T18:27:52.086Z] Requested ranking for Event ID: 699587272fea9229e6f18563
[2026-05-04T18:27:53.313Z] Event not found in any collection for ID: 699587272fea9229e6f18563
[2026-05-04T18:27:53.649Z] Requested ranking for Event ID: 699587272fea9229e6f18563
[2026-05-04T18:27:55.019Z] Event not found in any collection for ID: 699587272fea9229e6f18563
[2026-05-04T18:27:58.019Z] Requested ranking for Event ID: 69939976d3b03d1a859bd267
[2026-05-04T18:27:58.418Z] Successfully fetched Job: Flutter Developer with 6 applications
[2026-05-04T18:27:58.629Z] Requested ranking for Event ID: 69939976d3b03d1a859bd267
[2026-05-04T18:27:59.210Z] Successfully fetched Job: Flutter Developer with 6 applications
